Performing C SOURCE FILE Test CMAKE_HAVE_LIBC_PTHREAD failed with the following output:
Change Dir: /home/evgeny/git/USSB_PROJECT/libgit2-1.5.0/CMakeFiles/CMakeTmp

Run Build Command(s):/usr/bin/make cmTC_1f2c7/fast && /usr/bin/make -f CMakeFiles/cmTC_1f2c7.dir/build.make CMakeFiles/cmTC_1f2c7.dir/build
make[1]: вход в каталог «/home/evgeny/git/USSB_PROJECT/libgit2-1.5.0/CMakeFiles/CMakeTmp»
Building C object CMakeFiles/cmTC_1f2c7.dir/src.c.o
/usr/bin/cc   -DCMAKE_HAVE_LIBC_PTHREAD   -o CMakeFiles/cmTC_1f2c7.dir/src.c.o   -c /home/evgeny/git/USSB_PROJECT/libgit2-1.5.0/CMakeFiles/CMakeTmp/src.c
Linking C executable cmTC_1f2c7
/usr/bin/cmake -E cmake_link_script CMakeFiles/cmTC_1f2c7.dir/link.txt --verbose=1
/usr/bin/cc  -DCMAKE_HAVE_LIBC_PTHREAD    CMakeFiles/cmTC_1f2c7.dir/src.c.o  -o cmTC_1f2c7 
/usr/bin/ld: CMakeFiles/cmTC_1f2c7.dir/src.c.o: в функции «main»:
src.c:(.text+0x46): неопределённая ссылка на «pthread_create»
/usr/bin/ld: src.c:(.text+0x52): неопределённая ссылка на «pthread_detach»
/usr/bin/ld: src.c:(.text+0x63): неопределённая ссылка на «pthread_join»
collect2: error: ld returned 1 exit status
make[1]: *** [CMakeFiles/cmTC_1f2c7.dir/build.make:87: cmTC_1f2c7] Ошибка 1
make[1]: выход из каталога «/home/evgeny/git/USSB_PROJECT/libgit2-1.5.0/CMakeFiles/CMakeTmp»
make: *** [Makefile:121: cmTC_1f2c7/fast] Ошибка 2


Source file was:
#include <pthread.h>

void* test_func(void* data)
{
  return data;
}

int main(void)
{
  pthread_t thread;
  pthread_create(&thread, NULL, test_func, NULL);
  pthread_detach(thread);
  pthread_join(thread, NULL);
  pthread_atfork(NULL, NULL, NULL);
  pthread_exit(NULL);

  return 0;
}

Determining if the function pthread_create exists in the pthreads failed with the following output:
Change Dir: /home/evgeny/git/USSB_PROJECT/libgit2-1.5.0/CMakeFiles/CMakeTmp

Run Build Command(s):/usr/bin/make cmTC_e2235/fast && /usr/bin/make -f CMakeFiles/cmTC_e2235.dir/build.make CMakeFiles/cmTC_e2235.dir/build
make[1]: вход в каталог «/home/evgeny/git/USSB_PROJECT/libgit2-1.5.0/CMakeFiles/CMakeTmp»
Building C object CMakeFiles/cmTC_e2235.dir/CheckFunctionExists.c.o
/usr/bin/cc   -DCHECK_FUNCTION_EXISTS=pthread_create   -o CMakeFiles/cmTC_e2235.dir/CheckFunctionExists.c.o   -c /usr/share/cmake-3.16/Modules/CheckFunctionExists.c
Linking C executable cmTC_e2235
/usr/bin/cmake -E cmake_link_script CMakeFiles/cmTC_e2235.dir/link.txt --verbose=1
/usr/bin/cc  -DCHECK_FUNCTION_EXISTS=pthread_create    CMakeFiles/cmTC_e2235.dir/CheckFunctionExists.c.o  -o cmTC_e2235  -lpthreads 
/usr/bin/ld: невозможно найти -lpthreads
collect2: error: ld returned 1 exit status
make[1]: *** [CMakeFiles/cmTC_e2235.dir/build.make:87: cmTC_e2235] Ошибка 1
make[1]: выход из каталога «/home/evgeny/git/USSB_PROJECT/libgit2-1.5.0/CMakeFiles/CMakeTmp»
make: *** [Makefile:121: cmTC_e2235/fast] Ошибка 2



Performing C SOURCE FILE Test HAVE_STRUCT_STAT_ST_MTIMESPEC failed with the following output:
Change Dir: /home/evgeny/git/USSB_PROJECT/libgit2-1.5.0/CMakeFiles/CMakeTmp

Run Build Command(s):/usr/bin/make cmTC_50466/fast && /usr/bin/make -f CMakeFiles/cmTC_50466.dir/build.make CMakeFiles/cmTC_50466.dir/build
make[1]: вход в каталог «/home/evgeny/git/USSB_PROJECT/libgit2-1.5.0/CMakeFiles/CMakeTmp»
Building C object CMakeFiles/cmTC_50466.dir/src.c.o
/usr/bin/cc   -DHAVE_STRUCT_STAT_ST_MTIMESPEC   -o CMakeFiles/cmTC_50466.dir/src.c.o   -c /home/evgeny/git/USSB_PROJECT/libgit2-1.5.0/CMakeFiles/CMakeTmp/src.c
/home/evgeny/git/USSB_PROJECT/libgit2-1.5.0/CMakeFiles/CMakeTmp/src.c: In function ‘main’:
/home/evgeny/git/USSB_PROJECT/libgit2-1.5.0/CMakeFiles/CMakeTmp/src.c:7:34: error: ‘struct stat’ has no member named ‘st_mtimespec’
    7 |   (void)sizeof(((struct stat *)0)->st_mtimespec);
      |                                  ^~
make[1]: *** [CMakeFiles/cmTC_50466.dir/build.make:66: CMakeFiles/cmTC_50466.dir/src.c.o] Ошибка 1
make[1]: выход из каталога «/home/evgeny/git/USSB_PROJECT/libgit2-1.5.0/CMakeFiles/CMakeTmp»
make: *** [Makefile:121: cmTC_50466/fast] Ошибка 2


Source file was:

#include <sys/types.h>
#include <sys/stat.h>

int main()
{
  (void)sizeof(((struct stat *)0)->st_mtimespec);
  return 0;
}

Performing C SOURCE FILE Test HAVE_STRUCT_STAT_MTIME_NSEC failed with the following output:
Change Dir: /home/evgeny/git/USSB_PROJECT/libgit2-1.5.0/CMakeFiles/CMakeTmp

Run Build Command(s):/usr/bin/make cmTC_5266c/fast && /usr/bin/make -f CMakeFiles/cmTC_5266c.dir/build.make CMakeFiles/cmTC_5266c.dir/build
make[1]: вход в каталог «/home/evgeny/git/USSB_PROJECT/libgit2-1.5.0/CMakeFiles/CMakeTmp»
Building C object CMakeFiles/cmTC_5266c.dir/src.c.o
/usr/bin/cc   -DHAVE_STRUCT_STAT_MTIME_NSEC   -o CMakeFiles/cmTC_5266c.dir/src.c.o   -c /home/evgeny/git/USSB_PROJECT/libgit2-1.5.0/CMakeFiles/CMakeTmp/src.c
/home/evgeny/git/USSB_PROJECT/libgit2-1.5.0/CMakeFiles/CMakeTmp/src.c: In function ‘main’:
/home/evgeny/git/USSB_PROJECT/libgit2-1.5.0/CMakeFiles/CMakeTmp/src.c:6:34: error: ‘struct stat’ has no member named ‘st_mtime_nsec’
    6 |   (void)sizeof(((struct stat *)0)->st_mtime_nsec);
      |                                  ^~
make[1]: *** [CMakeFiles/cmTC_5266c.dir/build.make:66: CMakeFiles/cmTC_5266c.dir/src.c.o] Ошибка 1
make[1]: выход из каталога «/home/evgeny/git/USSB_PROJECT/libgit2-1.5.0/CMakeFiles/CMakeTmp»
make: *** [Makefile:121: cmTC_5266c/fast] Ошибка 2


Source file was:

#include <sys/stat.h>

int main()
{
  (void)sizeof(((struct stat *)0)->st_mtime_nsec);
  return 0;
}

Performing C SOURCE FILE Test IS_WDOCUMENTATION_SUPPORTED failed with the following output:
Change Dir: /home/evgeny/git/USSB_PROJECT/libgit2-1.5.0/CMakeFiles/CMakeTmp

Run Build Command(s):/usr/bin/make cmTC_58b83/fast && /usr/bin/make -f CMakeFiles/cmTC_58b83.dir/build.make CMakeFiles/cmTC_58b83.dir/build
make[1]: Entering directory '/home/evgeny/git/USSB_PROJECT/libgit2-1.5.0/CMakeFiles/CMakeTmp'
Building C object CMakeFiles/cmTC_58b83.dir/src.c.o
/usr/bin/cc   -D_GNU_SOURCE  -Wall -Wextra -fvisibility=hidden -fPIC -DIS_WDOCUMENTATION_SUPPORTED   -Wdocumentation -o CMakeFiles/cmTC_58b83.dir/src.c.o   -c /home/evgeny/git/USSB_PROJECT/libgit2-1.5.0/CMakeFiles/CMakeTmp/src.c
cc: error: unrecognized command line option '-Wdocumentation'
make[1]: *** [CMakeFiles/cmTC_58b83.dir/build.make:66: CMakeFiles/cmTC_58b83.dir/src.c.o] Error 1
make[1]: Leaving directory '/home/evgeny/git/USSB_PROJECT/libgit2-1.5.0/CMakeFiles/CMakeTmp'
make: *** [Makefile:121: cmTC_58b83/fast] Error 2


Source file was:
int main(void) { return 0; }
Performing C SOURCE FILE Test IS_WC11_EXTENSIONS_SUPPORTED failed with the following output:
Change Dir: /home/evgeny/git/USSB_PROJECT/libgit2-1.5.0/CMakeFiles/CMakeTmp

Run Build Command(s):/usr/bin/make cmTC_42fc4/fast && /usr/bin/make -f CMakeFiles/cmTC_42fc4.dir/build.make CMakeFiles/cmTC_42fc4.dir/build
make[1]: Entering directory '/home/evgeny/git/USSB_PROJECT/libgit2-1.5.0/CMakeFiles/CMakeTmp'
Building C object CMakeFiles/cmTC_42fc4.dir/src.c.o
/usr/bin/cc   -D_GNU_SOURCE  -Wall -Wextra -fvisibility=hidden -fPIC -Wno-documentation-deprecated-sync -Wno-missing-field-initializers -Wmissing-declarations -Wstrict-aliasing -Wstrict-prototypes -Wdeclaration-after-statement -Wshift-count-overflow -Wunused-const-variable -Wunused-function -Wint-conversion -DIS_WC11_EXTENSIONS_SUPPORTED   -Wc11-extensions -o CMakeFiles/cmTC_42fc4.dir/src.c.o   -c /home/evgeny/git/USSB_PROJECT/libgit2-1.5.0/CMakeFiles/CMakeTmp/src.c
cc: error: unrecognized command line option '-Wc11-extensions'; did you mean '-fms-extensions'?
make[1]: *** [CMakeFiles/cmTC_42fc4.dir/build.make:66: CMakeFiles/cmTC_42fc4.dir/src.c.o] Error 1
make[1]: Leaving directory '/home/evgeny/git/USSB_PROJECT/libgit2-1.5.0/CMakeFiles/CMakeTmp'
make: *** [Makefile:121: cmTC_42fc4/fast] Error 2


Source file was:
int main(void) { return 0; }
