The system is: Linux - 5.15.0-53-generic - x86_64
Compiling the C compiler identification source file "CMakeCCompilerId.c" succeeded.
Compiler: /usr/bin/cc 
Build flags: 
Id flags:  

The output was:
0


Compilation of the C compiler identification source "CMakeCCompilerId.c" produced "a.out"

The C compiler identification is GNU, found in "/home/evgeny/git/USSB_PROJECT/libgit2-1.5.0/CMakeFiles/3.16.3/CompilerIdC/a.out"

Determining if the C compiler works passed with the following output:
Change Dir: /home/evgeny/git/USSB_PROJECT/libgit2-1.5.0/CMakeFiles/CMakeTmp

Run Build Command(s):/usr/bin/make cmTC_4d25c/fast && /usr/bin/make -f CMakeFiles/cmTC_4d25c.dir/build.make CMakeFiles/cmTC_4d25c.dir/build
make[1]: вход в каталог «/home/evgeny/git/USSB_PROJECT/libgit2-1.5.0/CMakeFiles/CMakeTmp»
Building C object CMakeFiles/cmTC_4d25c.dir/testCCompiler.c.o
/usr/bin/cc    -o CMakeFiles/cmTC_4d25c.dir/testCCompiler.c.o   -c /home/evgeny/git/USSB_PROJECT/libgit2-1.5.0/CMakeFiles/CMakeTmp/testCCompiler.c
Linking C executable cmTC_4d25c
/usr/bin/cmake -E cmake_link_script CMakeFiles/cmTC_4d25c.dir/link.txt --verbose=1
/usr/bin/cc      CMakeFiles/cmTC_4d25c.dir/testCCompiler.c.o  -o cmTC_4d25c 
make[1]: выход из каталога «/home/evgeny/git/USSB_PROJECT/libgit2-1.5.0/CMakeFiles/CMakeTmp»



Detecting C compiler ABI info compiled with the following output:
Change Dir: /home/evgeny/git/USSB_PROJECT/libgit2-1.5.0/CMakeFiles/CMakeTmp

Run Build Command(s):/usr/bin/make cmTC_fa035/fast && /usr/bin/make -f CMakeFiles/cmTC_fa035.dir/build.make CMakeFiles/cmTC_fa035.dir/build
make[1]: Entering directory '/home/evgeny/git/USSB_PROJECT/libgit2-1.5.0/CMakeFiles/CMakeTmp'
Building C object CMakeFiles/cmTC_fa035.dir/CMakeCCompilerABI.c.o
/usr/bin/cc   -v -o CMakeFiles/cmTC_fa035.dir/CMakeCCompilerABI.c.o   -c /usr/share/cmake-3.16/Modules/CMakeCCompilerABI.c
Using built-in specs.
COLLECT_GCC=/usr/bin/cc
OFFLOAD_TARGET_NAMES=nvptx-none:hsa
OFFLOAD_TARGET_DEFAULT=1
Target: x86_64-linux-gnu
Configured with: ../src/configure -v --with-pkgversion='Ubuntu 9.4.0-1ubuntu1~20.04.1' --with-bugurl=file:///usr/share/doc/gcc-9/README.Bugs --enable-languages=c,ada,c++,go,brig,d,fortran,objc,obj-c++,gm2 --prefix=/usr --with-gcc-major-version-only --program-suffix=-9 --program-prefix=x86_64-linux-gnu- --enable-shared --enable-linker-build-id --libexecdir=/usr/lib --without-included-gettext --enable-threads=posix --libdir=/usr/lib --enable-nls --enable-clocale=gnu --enable-libstdcxx-debug --enable-libstdcxx-time=yes --with-default-libstdcxx-abi=new --enable-gnu-unique-object --disable-vtable-verify --enable-plugin --enable-default-pie --with-system-zlib --with-target-system-zlib=auto --enable-objc-gc=auto --enable-multiarch --disable-werror --with-arch-32=i686 --with-abi=m64 --with-multilib-list=m32,m64,mx32 --enable-multilib --with-tune=generic --enable-offload-targets=nvptx-none=/build/gcc-9-Av3uEd/gcc-9-9.4.0/debian/tmp-nvptx/usr,hsa --without-cuda-driver --enable-checking=release --build=x86_64-linux-gnu --host=x86_64-linux-gnu --target=x86_64-linux-gnu
Thread model: posix
gcc version 9.4.0 (Ubuntu 9.4.0-1ubuntu1~20.04.1) 
COLLECT_GCC_OPTIONS='-v' '-o' 'CMakeFiles/cmTC_fa035.dir/CMakeCCompilerABI.c.o' '-c' '-mtune=generic' '-march=x86-64'
 /usr/lib/gcc/x86_64-linux-gnu/9/cc1 -quiet -v -imultiarch x86_64-linux-gnu /usr/share/cmake-3.16/Modules/CMakeCCompilerABI.c -quiet -dumpbase CMakeCCompilerABI.c -mtune=generic -march=x86-64 -auxbase-strip CMakeFiles/cmTC_fa035.dir/CMakeCCompilerABI.c.o -version -fasynchronous-unwind-tables -fstack-protector-strong -Wformat -Wformat-security -fstack-clash-protection -fcf-protection -o /tmp/ccjYZDjX.s
GNU C17 (Ubuntu 9.4.0-1ubuntu1~20.04.1) version 9.4.0 (x86_64-linux-gnu)
	compiled by GNU C version 9.4.0, GMP version 6.2.0, MPFR version 4.0.2, MPC version 1.1.0, isl version isl-0.22.1-GMP

GGC heuristics: --param ggc-min-expand=100 --param ggc-min-heapsize=131072
ignoring nonexistent directory "/usr/local/include/x86_64-linux-gnu"
ignoring nonexistent directory "/usr/lib/gcc/x86_64-linux-gnu/9/include-fixed"
ignoring nonexistent directory "/usr/lib/gcc/x86_64-linux-gnu/9/../../../../x86_64-linux-gnu/include"
#include "..." search starts here:
#include <...> search starts here:
 /usr/lib/gcc/x86_64-linux-gnu/9/include
 /usr/local/include
 /usr/include/x86_64-linux-gnu
 /usr/include
End of search list.
GNU C17 (Ubuntu 9.4.0-1ubuntu1~20.04.1) version 9.4.0 (x86_64-linux-gnu)
	compiled by GNU C version 9.4.0, GMP version 6.2.0, MPFR version 4.0.2, MPC version 1.1.0, isl version isl-0.22.1-GMP

GGC heuristics: --param ggc-min-expand=100 --param ggc-min-heapsize=131072
Compiler executable checksum: c0c95c0b4209efec1c1892d5ff24030b
COLLECT_GCC_OPTIONS='-v' '-o' 'CMakeFiles/cmTC_fa035.dir/CMakeCCompilerABI.c.o' '-c' '-mtune=generic' '-march=x86-64'
 as -v --64 -o CMakeFiles/cmTC_fa035.dir/CMakeCCompilerABI.c.o /tmp/ccjYZDjX.s
GNU assembler version 2.34 (x86_64-linux-gnu) using BFD version (GNU Binutils for Ubuntu) 2.34
COMPILER_PATH=/usr/lib/gcc/x86_64-linux-gnu/9/:/usr/lib/gcc/x86_64-linux-gnu/9/:/usr/lib/gcc/x86_64-linux-gnu/:/usr/lib/gcc/x86_64-linux-gnu/9/:/usr/lib/gcc/x86_64-linux-gnu/
LIBRARY_PATH=/usr/lib/gcc/x86_64-linux-gnu/9/:/usr/lib/gcc/x86_64-linux-gnu/9/../../../x86_64-linux-gnu/:/usr/lib/gcc/x86_64-linux-gnu/9/../../../../lib/:/lib/x86_64-linux-gnu/:/lib/../lib/:/usr/lib/x86_64-linux-gnu/:/usr/lib/../lib/:/usr/lib/gcc/x86_64-linux-gnu/9/../../../:/lib/:/usr/lib/
COLLECT_GCC_OPTIONS='-v' '-o' 'CMakeFiles/cmTC_fa035.dir/CMakeCCompilerABI.c.o' '-c' '-mtune=generic' '-march=x86-64'
Linking C executable cmTC_fa035
/usr/bin/cmake -E cmake_link_script CMakeFiles/cmTC_fa035.dir/link.txt --verbose=1
/usr/bin/cc     -v CMakeFiles/cmTC_fa035.dir/CMakeCCompilerABI.c.o  -o cmTC_fa035 
Using built-in specs.
COLLECT_GCC=/usr/bin/cc
COLLECT_LTO_WRAPPER=/usr/lib/gcc/x86_64-linux-gnu/9/lto-wrapper
OFFLOAD_TARGET_NAMES=nvptx-none:hsa
OFFLOAD_TARGET_DEFAULT=1
Target: x86_64-linux-gnu
Configured with: ../src/configure -v --with-pkgversion='Ubuntu 9.4.0-1ubuntu1~20.04.1' --with-bugurl=file:///usr/share/doc/gcc-9/README.Bugs --enable-languages=c,ada,c++,go,brig,d,fortran,objc,obj-c++,gm2 --prefix=/usr --with-gcc-major-version-only --program-suffix=-9 --program-prefix=x86_64-linux-gnu- --enable-shared --enable-linker-build-id --libexecdir=/usr/lib --without-included-gettext --enable-threads=posix --libdir=/usr/lib --enable-nls --enable-clocale=gnu --enable-libstdcxx-debug --enable-libstdcxx-time=yes --with-default-libstdcxx-abi=new --enable-gnu-unique-object --disable-vtable-verify --enable-plugin --enable-default-pie --with-system-zlib --with-target-system-zlib=auto --enable-objc-gc=auto --enable-multiarch --disable-werror --with-arch-32=i686 --with-abi=m64 --with-multilib-list=m32,m64,mx32 --enable-multilib --with-tune=generic --enable-offload-targets=nvptx-none=/build/gcc-9-Av3uEd/gcc-9-9.4.0/debian/tmp-nvptx/usr,hsa --without-cuda-driver --enable-checking=release --build=x86_64-linux-gnu --host=x86_64-linux-gnu --target=x86_64-linux-gnu
Thread model: posix
gcc version 9.4.0 (Ubuntu 9.4.0-1ubuntu1~20.04.1) 
COMPILER_PATH=/usr/lib/gcc/x86_64-linux-gnu/9/:/usr/lib/gcc/x86_64-linux-gnu/9/:/usr/lib/gcc/x86_64-linux-gnu/:/usr/lib/gcc/x86_64-linux-gnu/9/:/usr/lib/gcc/x86_64-linux-gnu/
LIBRARY_PATH=/usr/lib/gcc/x86_64-linux-gnu/9/:/usr/lib/gcc/x86_64-linux-gnu/9/../../../x86_64-linux-gnu/:/usr/lib/gcc/x86_64-linux-gnu/9/../../../../lib/:/lib/x86_64-linux-gnu/:/lib/../lib/:/usr/lib/x86_64-linux-gnu/:/usr/lib/../lib/:/usr/lib/gcc/x86_64-linux-gnu/9/../../../:/lib/:/usr/lib/
COLLECT_GCC_OPTIONS='-v' '-o' 'cmTC_fa035' '-mtune=generic' '-march=x86-64'
 /usr/lib/gcc/x86_64-linux-gnu/9/collect2 -plugin /usr/lib/gcc/x86_64-linux-gnu/9/liblto_plugin.so -plugin-opt=/usr/lib/gcc/x86_64-linux-gnu/9/lto-wrapper -plugin-opt=-fresolution=/tmp/ccW8UF8o.res -plugin-opt=-pass-through=-lgcc -plugin-opt=-pass-through=-lgcc_s -plugin-opt=-pass-through=-lc -plugin-opt=-pass-through=-lgcc -plugin-opt=-pass-through=-lgcc_s --build-id --eh-frame-hdr -m elf_x86_64 --hash-style=gnu --as-needed -dynamic-linker /lib64/ld-linux-x86-64.so.2 -pie -z now -z relro -o cmTC_fa035 /usr/lib/gcc/x86_64-linux-gnu/9/../../../x86_64-linux-gnu/Scrt1.o /usr/lib/gcc/x86_64-linux-gnu/9/../../../x86_64-linux-gnu/crti.o /usr/lib/gcc/x86_64-linux-gnu/9/crtbeginS.o -L/usr/lib/gcc/x86_64-linux-gnu/9 -L/usr/lib/gcc/x86_64-linux-gnu/9/../../../x86_64-linux-gnu -L/usr/lib/gcc/x86_64-linux-gnu/9/../../../../lib -L/lib/x86_64-linux-gnu -L/lib/../lib -L/usr/lib/x86_64-linux-gnu -L/usr/lib/../lib -L/usr/lib/gcc/x86_64-linux-gnu/9/../../.. CMakeFiles/cmTC_fa035.dir/CMakeCCompilerABI.c.o -lgcc --push-state --as-needed -lgcc_s --pop-state -lc -lgcc --push-state --as-needed -lgcc_s --pop-state /usr/lib/gcc/x86_64-linux-gnu/9/crtendS.o /usr/lib/gcc/x86_64-linux-gnu/9/../../../x86_64-linux-gnu/crtn.o
COLLECT_GCC_OPTIONS='-v' '-o' 'cmTC_fa035' '-mtune=generic' '-march=x86-64'
make[1]: Leaving directory '/home/evgeny/git/USSB_PROJECT/libgit2-1.5.0/CMakeFiles/CMakeTmp'



Parsed C implicit include dir info from above output: rv=done
  found start of include info
  found start of implicit include info
    add: [/usr/lib/gcc/x86_64-linux-gnu/9/include]
    add: [/usr/local/include]
    add: [/usr/include/x86_64-linux-gnu]
    add: [/usr/include]
  end of search list found
  collapse include dir [/usr/lib/gcc/x86_64-linux-gnu/9/include] ==> [/usr/lib/gcc/x86_64-linux-gnu/9/include]
  collapse include dir [/usr/local/include] ==> [/usr/local/include]
  collapse include dir [/usr/include/x86_64-linux-gnu] ==> [/usr/include/x86_64-linux-gnu]
  collapse include dir [/usr/include] ==> [/usr/include]
  implicit include dirs: [/usr/lib/gcc/x86_64-linux-gnu/9/include;/usr/local/include;/usr/include/x86_64-linux-gnu;/usr/include]


Parsed C implicit link information from above output:
  link line regex: [^( *|.*[/\])(ld|CMAKE_LINK_STARTFILE-NOTFOUND|([^/\]+-)?ld|collect2)[^/\]*( |$)]
  ignore line: [Change Dir: /home/evgeny/git/USSB_PROJECT/libgit2-1.5.0/CMakeFiles/CMakeTmp]
  ignore line: []
  ignore line: [Run Build Command(s):/usr/bin/make cmTC_fa035/fast && /usr/bin/make -f CMakeFiles/cmTC_fa035.dir/build.make CMakeFiles/cmTC_fa035.dir/build]
  ignore line: [make[1]: Entering directory '/home/evgeny/git/USSB_PROJECT/libgit2-1.5.0/CMakeFiles/CMakeTmp']
  ignore line: [Building C object CMakeFiles/cmTC_fa035.dir/CMakeCCompilerABI.c.o]
  ignore line: [/usr/bin/cc   -v -o CMakeFiles/cmTC_fa035.dir/CMakeCCompilerABI.c.o   -c /usr/share/cmake-3.16/Modules/CMakeCCompilerABI.c]
  ignore line: [Using built-in specs.]
  ignore line: [COLLECT_GCC=/usr/bin/cc]
  ignore line: [OFFLOAD_TARGET_NAMES=nvptx-none:hsa]
  ignore line: [OFFLOAD_TARGET_DEFAULT=1]
  ignore line: [Target: x86_64-linux-gnu]
  ignore line: [Configured with: ../src/configure -v --with-pkgversion='Ubuntu 9.4.0-1ubuntu1~20.04.1' --with-bugurl=file:///usr/share/doc/gcc-9/README.Bugs --enable-languages=c ada c++ go brig d fortran objc obj-c++ gm2 --prefix=/usr --with-gcc-major-version-only --program-suffix=-9 --program-prefix=x86_64-linux-gnu- --enable-shared --enable-linker-build-id --libexecdir=/usr/lib --without-included-gettext --enable-threads=posix --libdir=/usr/lib --enable-nls --enable-clocale=gnu --enable-libstdcxx-debug --enable-libstdcxx-time=yes --with-default-libstdcxx-abi=new --enable-gnu-unique-object --disable-vtable-verify --enable-plugin --enable-default-pie --with-system-zlib --with-target-system-zlib=auto --enable-objc-gc=auto --enable-multiarch --disable-werror --with-arch-32=i686 --with-abi=m64 --with-multilib-list=m32 m64 mx32 --enable-multilib --with-tune=generic --enable-offload-targets=nvptx-none=/build/gcc-9-Av3uEd/gcc-9-9.4.0/debian/tmp-nvptx/usr hsa --without-cuda-driver --enable-checking=release --build=x86_64-linux-gnu --host=x86_64-linux-gnu --target=x86_64-linux-gnu]
  ignore line: [Thread model: posix]
  ignore line: [gcc version 9.4.0 (Ubuntu 9.4.0-1ubuntu1~20.04.1) ]
  ignore line: [COLLECT_GCC_OPTIONS='-v' '-o' 'CMakeFiles/cmTC_fa035.dir/CMakeCCompilerABI.c.o' '-c' '-mtune=generic' '-march=x86-64']
  ignore line: [ /usr/lib/gcc/x86_64-linux-gnu/9/cc1 -quiet -v -imultiarch x86_64-linux-gnu /usr/share/cmake-3.16/Modules/CMakeCCompilerABI.c -quiet -dumpbase CMakeCCompilerABI.c -mtune=generic -march=x86-64 -auxbase-strip CMakeFiles/cmTC_fa035.dir/CMakeCCompilerABI.c.o -version -fasynchronous-unwind-tables -fstack-protector-strong -Wformat -Wformat-security -fstack-clash-protection -fcf-protection -o /tmp/ccjYZDjX.s]
  ignore line: [GNU C17 (Ubuntu 9.4.0-1ubuntu1~20.04.1) version 9.4.0 (x86_64-linux-gnu)]
  ignore line: [	compiled by GNU C version 9.4.0  GMP version 6.2.0  MPFR version 4.0.2  MPC version 1.1.0  isl version isl-0.22.1-GMP]
  ignore line: []
  ignore line: [GGC heuristics: --param ggc-min-expand=100 --param ggc-min-heapsize=131072]
  ignore line: [ignoring nonexistent directory "/usr/local/include/x86_64-linux-gnu"]
  ignore line: [ignoring nonexistent directory "/usr/lib/gcc/x86_64-linux-gnu/9/include-fixed"]
  ignore line: [ignoring nonexistent directory "/usr/lib/gcc/x86_64-linux-gnu/9/../../../../x86_64-linux-gnu/include"]
  ignore line: [#include "..." search starts here:]
  ignore line: [#include <...> search starts here:]
  ignore line: [ /usr/lib/gcc/x86_64-linux-gnu/9/include]
  ignore line: [ /usr/local/include]
  ignore line: [ /usr/include/x86_64-linux-gnu]
  ignore line: [ /usr/include]
  ignore line: [End of search list.]
  ignore line: [GNU C17 (Ubuntu 9.4.0-1ubuntu1~20.04.1) version 9.4.0 (x86_64-linux-gnu)]
  ignore line: [	compiled by GNU C version 9.4.0  GMP version 6.2.0  MPFR version 4.0.2  MPC version 1.1.0  isl version isl-0.22.1-GMP]
  ignore line: []
  ignore line: [GGC heuristics: --param ggc-min-expand=100 --param ggc-min-heapsize=131072]
  ignore line: [Compiler executable checksum: c0c95c0b4209efec1c1892d5ff24030b]
  ignore line: [COLLECT_GCC_OPTIONS='-v' '-o' 'CMakeFiles/cmTC_fa035.dir/CMakeCCompilerABI.c.o' '-c' '-mtune=generic' '-march=x86-64']
  ignore line: [ as -v --64 -o CMakeFiles/cmTC_fa035.dir/CMakeCCompilerABI.c.o /tmp/ccjYZDjX.s]
  ignore line: [GNU assembler version 2.34 (x86_64-linux-gnu) using BFD version (GNU Binutils for Ubuntu) 2.34]
  ignore line: [COMPILER_PATH=/usr/lib/gcc/x86_64-linux-gnu/9/:/usr/lib/gcc/x86_64-linux-gnu/9/:/usr/lib/gcc/x86_64-linux-gnu/:/usr/lib/gcc/x86_64-linux-gnu/9/:/usr/lib/gcc/x86_64-linux-gnu/]
  ignore line: [LIBRARY_PATH=/usr/lib/gcc/x86_64-linux-gnu/9/:/usr/lib/gcc/x86_64-linux-gnu/9/../../../x86_64-linux-gnu/:/usr/lib/gcc/x86_64-linux-gnu/9/../../../../lib/:/lib/x86_64-linux-gnu/:/lib/../lib/:/usr/lib/x86_64-linux-gnu/:/usr/lib/../lib/:/usr/lib/gcc/x86_64-linux-gnu/9/../../../:/lib/:/usr/lib/]
  ignore line: [COLLECT_GCC_OPTIONS='-v' '-o' 'CMakeFiles/cmTC_fa035.dir/CMakeCCompilerABI.c.o' '-c' '-mtune=generic' '-march=x86-64']
  ignore line: [Linking C executable cmTC_fa035]
  ignore line: [/usr/bin/cmake -E cmake_link_script CMakeFiles/cmTC_fa035.dir/link.txt --verbose=1]
  ignore line: [/usr/bin/cc     -v CMakeFiles/cmTC_fa035.dir/CMakeCCompilerABI.c.o  -o cmTC_fa035 ]
  ignore line: [Using built-in specs.]
  ignore line: [COLLECT_GCC=/usr/bin/cc]
  ignore line: [COLLECT_LTO_WRAPPER=/usr/lib/gcc/x86_64-linux-gnu/9/lto-wrapper]
  ignore line: [OFFLOAD_TARGET_NAMES=nvptx-none:hsa]
  ignore line: [OFFLOAD_TARGET_DEFAULT=1]
  ignore line: [Target: x86_64-linux-gnu]
  ignore line: [Configured with: ../src/configure -v --with-pkgversion='Ubuntu 9.4.0-1ubuntu1~20.04.1' --with-bugurl=file:///usr/share/doc/gcc-9/README.Bugs --enable-languages=c ada c++ go brig d fortran objc obj-c++ gm2 --prefix=/usr --with-gcc-major-version-only --program-suffix=-9 --program-prefix=x86_64-linux-gnu- --enable-shared --enable-linker-build-id --libexecdir=/usr/lib --without-included-gettext --enable-threads=posix --libdir=/usr/lib --enable-nls --enable-clocale=gnu --enable-libstdcxx-debug --enable-libstdcxx-time=yes --with-default-libstdcxx-abi=new --enable-gnu-unique-object --disable-vtable-verify --enable-plugin --enable-default-pie --with-system-zlib --with-target-system-zlib=auto --enable-objc-gc=auto --enable-multiarch --disable-werror --with-arch-32=i686 --with-abi=m64 --with-multilib-list=m32 m64 mx32 --enable-multilib --with-tune=generic --enable-offload-targets=nvptx-none=/build/gcc-9-Av3uEd/gcc-9-9.4.0/debian/tmp-nvptx/usr hsa --without-cuda-driver --enable-checking=release --build=x86_64-linux-gnu --host=x86_64-linux-gnu --target=x86_64-linux-gnu]
  ignore line: [Thread model: posix]
  ignore line: [gcc version 9.4.0 (Ubuntu 9.4.0-1ubuntu1~20.04.1) ]
  ignore line: [COMPILER_PATH=/usr/lib/gcc/x86_64-linux-gnu/9/:/usr/lib/gcc/x86_64-linux-gnu/9/:/usr/lib/gcc/x86_64-linux-gnu/:/usr/lib/gcc/x86_64-linux-gnu/9/:/usr/lib/gcc/x86_64-linux-gnu/]
  ignore line: [LIBRARY_PATH=/usr/lib/gcc/x86_64-linux-gnu/9/:/usr/lib/gcc/x86_64-linux-gnu/9/../../../x86_64-linux-gnu/:/usr/lib/gcc/x86_64-linux-gnu/9/../../../../lib/:/lib/x86_64-linux-gnu/:/lib/../lib/:/usr/lib/x86_64-linux-gnu/:/usr/lib/../lib/:/usr/lib/gcc/x86_64-linux-gnu/9/../../../:/lib/:/usr/lib/]
  ignore line: [COLLECT_GCC_OPTIONS='-v' '-o' 'cmTC_fa035' '-mtune=generic' '-march=x86-64']
  link line: [ /usr/lib/gcc/x86_64-linux-gnu/9/collect2 -plugin /usr/lib/gcc/x86_64-linux-gnu/9/liblto_plugin.so -plugin-opt=/usr/lib/gcc/x86_64-linux-gnu/9/lto-wrapper -plugin-opt=-fresolution=/tmp/ccW8UF8o.res -plugin-opt=-pass-through=-lgcc -plugin-opt=-pass-through=-lgcc_s -plugin-opt=-pass-through=-lc -plugin-opt=-pass-through=-lgcc -plugin-opt=-pass-through=-lgcc_s --build-id --eh-frame-hdr -m elf_x86_64 --hash-style=gnu --as-needed -dynamic-linker /lib64/ld-linux-x86-64.so.2 -pie -z now -z relro -o cmTC_fa035 /usr/lib/gcc/x86_64-linux-gnu/9/../../../x86_64-linux-gnu/Scrt1.o /usr/lib/gcc/x86_64-linux-gnu/9/../../../x86_64-linux-gnu/crti.o /usr/lib/gcc/x86_64-linux-gnu/9/crtbeginS.o -L/usr/lib/gcc/x86_64-linux-gnu/9 -L/usr/lib/gcc/x86_64-linux-gnu/9/../../../x86_64-linux-gnu -L/usr/lib/gcc/x86_64-linux-gnu/9/../../../../lib -L/lib/x86_64-linux-gnu -L/lib/../lib -L/usr/lib/x86_64-linux-gnu -L/usr/lib/../lib -L/usr/lib/gcc/x86_64-linux-gnu/9/../../.. CMakeFiles/cmTC_fa035.dir/CMakeCCompilerABI.c.o -lgcc --push-state --as-needed -lgcc_s --pop-state -lc -lgcc --push-state --as-needed -lgcc_s --pop-state /usr/lib/gcc/x86_64-linux-gnu/9/crtendS.o /usr/lib/gcc/x86_64-linux-gnu/9/../../../x86_64-linux-gnu/crtn.o]
    arg [/usr/lib/gcc/x86_64-linux-gnu/9/collect2] ==> ignore
    arg [-plugin] ==> ignore
    arg [/usr/lib/gcc/x86_64-linux-gnu/9/liblto_plugin.so] ==> ignore
    arg [-plugin-opt=/usr/lib/gcc/x86_64-linux-gnu/9/lto-wrapper] ==> ignore
    arg [-plugin-opt=-fresolution=/tmp/ccW8UF8o.res] ==> ignore
    arg [-plugin-opt=-pass-through=-lgcc] ==> ignore
    arg [-plugin-opt=-pass-through=-lgcc_s] ==> ignore
    arg [-plugin-opt=-pass-through=-lc] ==> ignore
    arg [-plugin-opt=-pass-through=-lgcc] ==> ignore
    arg [-plugin-opt=-pass-through=-lgcc_s] ==> ignore
    arg [--build-id] ==> ignore
    arg [--eh-frame-hdr] ==> ignore
    arg [-m] ==> ignore
    arg [elf_x86_64] ==> ignore
    arg [--hash-style=gnu] ==> ignore
    arg [--as-needed] ==> ignore
    arg [-dynamic-linker] ==> ignore
    arg [/lib64/ld-linux-x86-64.so.2] ==> ignore
    arg [-pie] ==> ignore
    arg [-znow] ==> ignore
    arg [-zrelro] ==> ignore
    arg [-o] ==> ignore
    arg [cmTC_fa035] ==> ignore
    arg [/usr/lib/gcc/x86_64-linux-gnu/9/../../../x86_64-linux-gnu/Scrt1.o] ==> ignore
    arg [/usr/lib/gcc/x86_64-linux-gnu/9/../../../x86_64-linux-gnu/crti.o] ==> ignore
    arg [/usr/lib/gcc/x86_64-linux-gnu/9/crtbeginS.o] ==> ignore
    arg [-L/usr/lib/gcc/x86_64-linux-gnu/9] ==> dir [/usr/lib/gcc/x86_64-linux-gnu/9]
    arg [-L/usr/lib/gcc/x86_64-linux-gnu/9/../../../x86_64-linux-gnu] ==> dir [/usr/lib/gcc/x86_64-linux-gnu/9/../../../x86_64-linux-gnu]
    arg [-L/usr/lib/gcc/x86_64-linux-gnu/9/../../../../lib] ==> dir [/usr/lib/gcc/x86_64-linux-gnu/9/../../../../lib]
    arg [-L/lib/x86_64-linux-gnu] ==> dir [/lib/x86_64-linux-gnu]
    arg [-L/lib/../lib] ==> dir [/lib/../lib]
    arg [-L/usr/lib/x86_64-linux-gnu] ==> dir [/usr/lib/x86_64-linux-gnu]
    arg [-L/usr/lib/../lib] ==> dir [/usr/lib/../lib]
    arg [-L/usr/lib/gcc/x86_64-linux-gnu/9/../../..] ==> dir [/usr/lib/gcc/x86_64-linux-gnu/9/../../..]
    arg [CMakeFiles/cmTC_fa035.dir/CMakeCCompilerABI.c.o] ==> ignore
    arg [-lgcc] ==> lib [gcc]
    arg [--push-state] ==> ignore
    arg [--as-needed] ==> ignore
    arg [-lgcc_s] ==> lib [gcc_s]
    arg [--pop-state] ==> ignore
    arg [-lc] ==> lib [c]
    arg [-lgcc] ==> lib [gcc]
    arg [--push-state] ==> ignore
    arg [--as-needed] ==> ignore
    arg [-lgcc_s] ==> lib [gcc_s]
    arg [--pop-state] ==> ignore
    arg [/usr/lib/gcc/x86_64-linux-gnu/9/crtendS.o] ==> ignore
    arg [/usr/lib/gcc/x86_64-linux-gnu/9/../../../x86_64-linux-gnu/crtn.o] ==> ignore
  collapse library dir [/usr/lib/gcc/x86_64-linux-gnu/9] ==> [/usr/lib/gcc/x86_64-linux-gnu/9]
  collapse library dir [/usr/lib/gcc/x86_64-linux-gnu/9/../../../x86_64-linux-gnu] ==> [/usr/lib/x86_64-linux-gnu]
  collapse library dir [/usr/lib/gcc/x86_64-linux-gnu/9/../../../../lib] ==> [/usr/lib]
  collapse library dir [/lib/x86_64-linux-gnu] ==> [/lib/x86_64-linux-gnu]
  collapse library dir [/lib/../lib] ==> [/lib]
  collapse library dir [/usr/lib/x86_64-linux-gnu] ==> [/usr/lib/x86_64-linux-gnu]
  collapse library dir [/usr/lib/../lib] ==> [/usr/lib]
  collapse library dir [/usr/lib/gcc/x86_64-linux-gnu/9/../../..] ==> [/usr/lib]
  implicit libs: [gcc;gcc_s;c;gcc;gcc_s]
  implicit dirs: [/usr/lib/gcc/x86_64-linux-gnu/9;/usr/lib/x86_64-linux-gnu;/usr/lib;/lib/x86_64-linux-gnu;/lib]
  implicit fwks: []


Determining if the include file pthread.h exists passed with the following output:
Change Dir: /home/evgeny/git/USSB_PROJECT/libgit2-1.5.0/CMakeFiles/CMakeTmp

Run Build Command(s):/usr/bin/make cmTC_2e862/fast && /usr/bin/make -f CMakeFiles/cmTC_2e862.dir/build.make CMakeFiles/cmTC_2e862.dir/build
make[1]: вход в каталог «/home/evgeny/git/USSB_PROJECT/libgit2-1.5.0/CMakeFiles/CMakeTmp»
Building C object CMakeFiles/cmTC_2e862.dir/CheckIncludeFile.c.o
/usr/bin/cc    -o CMakeFiles/cmTC_2e862.dir/CheckIncludeFile.c.o   -c /home/evgeny/git/USSB_PROJECT/libgit2-1.5.0/CMakeFiles/CMakeTmp/CheckIncludeFile.c
Linking C executable cmTC_2e862
/usr/bin/cmake -E cmake_link_script CMakeFiles/cmTC_2e862.dir/link.txt --verbose=1
/usr/bin/cc      CMakeFiles/cmTC_2e862.dir/CheckIncludeFile.c.o  -o cmTC_2e862 
make[1]: выход из каталога «/home/evgeny/git/USSB_PROJECT/libgit2-1.5.0/CMakeFiles/CMakeTmp»



Determining if the function pthread_create exists in the pthread passed with the following output:
Change Dir: /home/evgeny/git/USSB_PROJECT/libgit2-1.5.0/CMakeFiles/CMakeTmp

Run Build Command(s):/usr/bin/make cmTC_7b78b/fast && /usr/bin/make -f CMakeFiles/cmTC_7b78b.dir/build.make CMakeFiles/cmTC_7b78b.dir/build
make[1]: вход в каталог «/home/evgeny/git/USSB_PROJECT/libgit2-1.5.0/CMakeFiles/CMakeTmp»
Building C object CMakeFiles/cmTC_7b78b.dir/CheckFunctionExists.c.o
/usr/bin/cc   -DCHECK_FUNCTION_EXISTS=pthread_create   -o CMakeFiles/cmTC_7b78b.dir/CheckFunctionExists.c.o   -c /usr/share/cmake-3.16/Modules/CheckFunctionExists.c
Linking C executable cmTC_7b78b
/usr/bin/cmake -E cmake_link_script CMakeFiles/cmTC_7b78b.dir/link.txt --verbose=1
/usr/bin/cc  -DCHECK_FUNCTION_EXISTS=pthread_create    CMakeFiles/cmTC_7b78b.dir/CheckFunctionExists.c.o  -o cmTC_7b78b  -lpthread 
make[1]: выход из каталога «/home/evgeny/git/USSB_PROJECT/libgit2-1.5.0/CMakeFiles/CMakeTmp»



Performing C SOURCE FILE Test HAVE_STRUCT_STAT_ST_MTIM succeeded with the following output:
Change Dir: /home/evgeny/git/USSB_PROJECT/libgit2-1.5.0/CMakeFiles/CMakeTmp

Run Build Command(s):/usr/bin/make cmTC_ae2d6/fast && /usr/bin/make -f CMakeFiles/cmTC_ae2d6.dir/build.make CMakeFiles/cmTC_ae2d6.dir/build
make[1]: вход в каталог «/home/evgeny/git/USSB_PROJECT/libgit2-1.5.0/CMakeFiles/CMakeTmp»
Building C object CMakeFiles/cmTC_ae2d6.dir/src.c.o
/usr/bin/cc   -DHAVE_STRUCT_STAT_ST_MTIM   -o CMakeFiles/cmTC_ae2d6.dir/src.c.o   -c /home/evgeny/git/USSB_PROJECT/libgit2-1.5.0/CMakeFiles/CMakeTmp/src.c
Linking C executable cmTC_ae2d6
/usr/bin/cmake -E cmake_link_script CMakeFiles/cmTC_ae2d6.dir/link.txt --verbose=1
/usr/bin/cc  -DHAVE_STRUCT_STAT_ST_MTIM    CMakeFiles/cmTC_ae2d6.dir/src.c.o  -o cmTC_ae2d6 
make[1]: выход из каталога «/home/evgeny/git/USSB_PROJECT/libgit2-1.5.0/CMakeFiles/CMakeTmp»


Source file was:

#include <sys/types.h>
#include <sys/stat.h>

int main()
{
  (void)sizeof(((struct stat *)0)->st_mtim);
  return 0;
}

Performing C SOURCE FILE Test HAVE_STRUCT_STAT_NSEC succeeded with the following output:
Change Dir: /home/evgeny/git/USSB_PROJECT/libgit2-1.5.0/CMakeFiles/CMakeTmp

Run Build Command(s):/usr/bin/make cmTC_621f3/fast && /usr/bin/make -f CMakeFiles/cmTC_621f3.dir/build.make CMakeFiles/cmTC_621f3.dir/build
make[1]: вход в каталог «/home/evgeny/git/USSB_PROJECT/libgit2-1.5.0/CMakeFiles/CMakeTmp»
Building C object CMakeFiles/cmTC_621f3.dir/src.c.o
/usr/bin/cc   -DHAVE_STRUCT_STAT_NSEC   -o CMakeFiles/cmTC_621f3.dir/src.c.o   -c /home/evgeny/git/USSB_PROJECT/libgit2-1.5.0/CMakeFiles/CMakeTmp/src.c
Linking C executable cmTC_621f3
/usr/bin/cmake -E cmake_link_script CMakeFiles/cmTC_621f3.dir/link.txt --verbose=1
/usr/bin/cc  -DHAVE_STRUCT_STAT_NSEC    CMakeFiles/cmTC_621f3.dir/src.c.o  -o cmTC_621f3 
make[1]: выход из каталога «/home/evgeny/git/USSB_PROJECT/libgit2-1.5.0/CMakeFiles/CMakeTmp»


Source file was:

#include <sys/stat.h>

int main()
{
  (void)sizeof(((struct stat *)0)->st_mtim.tv_nsec);
  return 0;
}

Determining if the function futimens exists passed with the following output:
Change Dir: /home/evgeny/git/USSB_PROJECT/libgit2-1.5.0/CMakeFiles/CMakeTmp

Run Build Command(s):/usr/bin/make cmTC_dd220/fast && /usr/bin/make -f CMakeFiles/cmTC_dd220.dir/build.make CMakeFiles/cmTC_dd220.dir/build
make[1]: вход в каталог «/home/evgeny/git/USSB_PROJECT/libgit2-1.5.0/CMakeFiles/CMakeTmp»
Building C object CMakeFiles/cmTC_dd220.dir/CheckFunctionExists.c.o
/usr/bin/cc   -DCHECK_FUNCTION_EXISTS=futimens   -o CMakeFiles/cmTC_dd220.dir/CheckFunctionExists.c.o   -c /usr/share/cmake-3.16/Modules/CheckFunctionExists.c
Linking C executable cmTC_dd220
/usr/bin/cmake -E cmake_link_script CMakeFiles/cmTC_dd220.dir/link.txt --verbose=1
/usr/bin/cc  -DCHECK_FUNCTION_EXISTS=futimens    CMakeFiles/cmTC_dd220.dir/CheckFunctionExists.c.o  -o cmTC_dd220 
make[1]: выход из каталога «/home/evgeny/git/USSB_PROJECT/libgit2-1.5.0/CMakeFiles/CMakeTmp»



Performing C SOURCE FILE Test IS_WALL_SUPPORTED succeeded with the following output:
Change Dir: /home/evgeny/git/USSB_PROJECT/libgit2-1.5.0/CMakeFiles/CMakeTmp

Run Build Command(s):/usr/bin/make cmTC_0d1ce/fast && /usr/bin/make -f CMakeFiles/cmTC_0d1ce.dir/build.make CMakeFiles/cmTC_0d1ce.dir/build
make[1]: Entering directory '/home/evgeny/git/USSB_PROJECT/libgit2-1.5.0/CMakeFiles/CMakeTmp'
Building C object CMakeFiles/cmTC_0d1ce.dir/src.c.o
/usr/bin/cc   -D_GNU_SOURCE  -DIS_WALL_SUPPORTED   -Wall -o CMakeFiles/cmTC_0d1ce.dir/src.c.o   -c /home/evgeny/git/USSB_PROJECT/libgit2-1.5.0/CMakeFiles/CMakeTmp/src.c
Linking C executable cmTC_0d1ce
/usr/bin/cmake -E cmake_link_script CMakeFiles/cmTC_0d1ce.dir/link.txt --verbose=1
/usr/bin/cc -D_GNU_SOURCE  -DIS_WALL_SUPPORTED    CMakeFiles/cmTC_0d1ce.dir/src.c.o  -o cmTC_0d1ce 
make[1]: Leaving directory '/home/evgeny/git/USSB_PROJECT/libgit2-1.5.0/CMakeFiles/CMakeTmp'


Source file was:
int main(void) { return 0; }
Performing C SOURCE FILE Test IS_WEXTRA_SUPPORTED succeeded with the following output:
Change Dir: /home/evgeny/git/USSB_PROJECT/libgit2-1.5.0/CMakeFiles/CMakeTmp

Run Build Command(s):/usr/bin/make cmTC_e7ba0/fast && /usr/bin/make -f CMakeFiles/cmTC_e7ba0.dir/build.make CMakeFiles/cmTC_e7ba0.dir/build
make[1]: Entering directory '/home/evgeny/git/USSB_PROJECT/libgit2-1.5.0/CMakeFiles/CMakeTmp'
Building C object CMakeFiles/cmTC_e7ba0.dir/src.c.o
/usr/bin/cc   -D_GNU_SOURCE  -Wall -DIS_WEXTRA_SUPPORTED   -Wextra -o CMakeFiles/cmTC_e7ba0.dir/src.c.o   -c /home/evgeny/git/USSB_PROJECT/libgit2-1.5.0/CMakeFiles/CMakeTmp/src.c
Linking C executable cmTC_e7ba0
/usr/bin/cmake -E cmake_link_script CMakeFiles/cmTC_e7ba0.dir/link.txt --verbose=1
/usr/bin/cc -D_GNU_SOURCE  -Wall -DIS_WEXTRA_SUPPORTED    CMakeFiles/cmTC_e7ba0.dir/src.c.o  -o cmTC_e7ba0 
make[1]: Leaving directory '/home/evgeny/git/USSB_PROJECT/libgit2-1.5.0/CMakeFiles/CMakeTmp'


Source file was:
int main(void) { return 0; }
Performing C SOURCE FILE Test IS_FVISIBILITY_HIDDEN_SUPPORTED succeeded with the following output:
Change Dir: /home/evgeny/git/USSB_PROJECT/libgit2-1.5.0/CMakeFiles/CMakeTmp

Run Build Command(s):/usr/bin/make cmTC_2e7eb/fast && /usr/bin/make -f CMakeFiles/cmTC_2e7eb.dir/build.make CMakeFiles/cmTC_2e7eb.dir/build
make[1]: Entering directory '/home/evgeny/git/USSB_PROJECT/libgit2-1.5.0/CMakeFiles/CMakeTmp'
Building C object CMakeFiles/cmTC_2e7eb.dir/src.c.o
/usr/bin/cc   -D_GNU_SOURCE  -Wall -Wextra -DIS_FVISIBILITY_HIDDEN_SUPPORTED   -fvisibility=hidden -o CMakeFiles/cmTC_2e7eb.dir/src.c.o   -c /home/evgeny/git/USSB_PROJECT/libgit2-1.5.0/CMakeFiles/CMakeTmp/src.c
Linking C executable cmTC_2e7eb
/usr/bin/cmake -E cmake_link_script CMakeFiles/cmTC_2e7eb.dir/link.txt --verbose=1
/usr/bin/cc -D_GNU_SOURCE  -Wall -Wextra -DIS_FVISIBILITY_HIDDEN_SUPPORTED    CMakeFiles/cmTC_2e7eb.dir/src.c.o  -o cmTC_2e7eb 
make[1]: Leaving directory '/home/evgeny/git/USSB_PROJECT/libgit2-1.5.0/CMakeFiles/CMakeTmp'


Source file was:
int main(void) { return 0; }
Performing C SOURCE FILE Test IS_WNO_DOCUMENTATION_DEPRECATED_SYNC_SUPPORTED succeeded with the following output:
Change Dir: /home/evgeny/git/USSB_PROJECT/libgit2-1.5.0/CMakeFiles/CMakeTmp

Run Build Command(s):/usr/bin/make cmTC_08884/fast && /usr/bin/make -f CMakeFiles/cmTC_08884.dir/build.make CMakeFiles/cmTC_08884.dir/build
make[1]: Entering directory '/home/evgeny/git/USSB_PROJECT/libgit2-1.5.0/CMakeFiles/CMakeTmp'
Building C object CMakeFiles/cmTC_08884.dir/src.c.o
/usr/bin/cc   -D_GNU_SOURCE  -Wall -Wextra -fvisibility=hidden -fPIC -DIS_WNO_DOCUMENTATION_DEPRECATED_SYNC_SUPPORTED   -Wno-documentation-deprecated-sync -o CMakeFiles/cmTC_08884.dir/src.c.o   -c /home/evgeny/git/USSB_PROJECT/libgit2-1.5.0/CMakeFiles/CMakeTmp/src.c
Linking C executable cmTC_08884
/usr/bin/cmake -E cmake_link_script CMakeFiles/cmTC_08884.dir/link.txt --verbose=1
/usr/bin/cc -D_GNU_SOURCE  -Wall -Wextra -fvisibility=hidden -fPIC -DIS_WNO_DOCUMENTATION_DEPRECATED_SYNC_SUPPORTED    CMakeFiles/cmTC_08884.dir/src.c.o  -o cmTC_08884 
make[1]: Leaving directory '/home/evgeny/git/USSB_PROJECT/libgit2-1.5.0/CMakeFiles/CMakeTmp'


Source file was:
int main(void) { return 0; }
Performing C SOURCE FILE Test IS_WNO_MISSING_FIELD_INITIALIZERS_SUPPORTED succeeded with the following output:
Change Dir: /home/evgeny/git/USSB_PROJECT/libgit2-1.5.0/CMakeFiles/CMakeTmp

Run Build Command(s):/usr/bin/make cmTC_0def9/fast && /usr/bin/make -f CMakeFiles/cmTC_0def9.dir/build.make CMakeFiles/cmTC_0def9.dir/build
make[1]: Entering directory '/home/evgeny/git/USSB_PROJECT/libgit2-1.5.0/CMakeFiles/CMakeTmp'
Building C object CMakeFiles/cmTC_0def9.dir/src.c.o
/usr/bin/cc   -D_GNU_SOURCE  -Wall -Wextra -fvisibility=hidden -fPIC -Wno-documentation-deprecated-sync -DIS_WNO_MISSING_FIELD_INITIALIZERS_SUPPORTED   -Wno-missing-field-initializers -o CMakeFiles/cmTC_0def9.dir/src.c.o   -c /home/evgeny/git/USSB_PROJECT/libgit2-1.5.0/CMakeFiles/CMakeTmp/src.c
Linking C executable cmTC_0def9
/usr/bin/cmake -E cmake_link_script CMakeFiles/cmTC_0def9.dir/link.txt --verbose=1
/usr/bin/cc -D_GNU_SOURCE  -Wall -Wextra -fvisibility=hidden -fPIC -Wno-documentation-deprecated-sync -DIS_WNO_MISSING_FIELD_INITIALIZERS_SUPPORTED    CMakeFiles/cmTC_0def9.dir/src.c.o  -o cmTC_0def9 
make[1]: Leaving directory '/home/evgeny/git/USSB_PROJECT/libgit2-1.5.0/CMakeFiles/CMakeTmp'


Source file was:
int main(void) { return 0; }
Performing C SOURCE FILE Test IS_WMISSING_DECLARATIONS_SUPPORTED succeeded with the following output:
Change Dir: /home/evgeny/git/USSB_PROJECT/libgit2-1.5.0/CMakeFiles/CMakeTmp

Run Build Command(s):/usr/bin/make cmTC_ee0f8/fast && /usr/bin/make -f CMakeFiles/cmTC_ee0f8.dir/build.make CMakeFiles/cmTC_ee0f8.dir/build
make[1]: Entering directory '/home/evgeny/git/USSB_PROJECT/libgit2-1.5.0/CMakeFiles/CMakeTmp'
Building C object CMakeFiles/cmTC_ee0f8.dir/src.c.o
/usr/bin/cc   -D_GNU_SOURCE  -Wall -Wextra -fvisibility=hidden -fPIC -Wno-documentation-deprecated-sync -Wno-missing-field-initializers -DIS_WMISSING_DECLARATIONS_SUPPORTED   -Wmissing-declarations -o CMakeFiles/cmTC_ee0f8.dir/src.c.o   -c /home/evgeny/git/USSB_PROJECT/libgit2-1.5.0/CMakeFiles/CMakeTmp/src.c
Linking C executable cmTC_ee0f8
/usr/bin/cmake -E cmake_link_script CMakeFiles/cmTC_ee0f8.dir/link.txt --verbose=1
/usr/bin/cc -D_GNU_SOURCE  -Wall -Wextra -fvisibility=hidden -fPIC -Wno-documentation-deprecated-sync -Wno-missing-field-initializers -DIS_WMISSING_DECLARATIONS_SUPPORTED    CMakeFiles/cmTC_ee0f8.dir/src.c.o  -o cmTC_ee0f8 
make[1]: Leaving directory '/home/evgeny/git/USSB_PROJECT/libgit2-1.5.0/CMakeFiles/CMakeTmp'


Source file was:
int main(void) { return 0; }
Performing C SOURCE FILE Test IS_WSTRICT_ALIASING_SUPPORTED succeeded with the following output:
Change Dir: /home/evgeny/git/USSB_PROJECT/libgit2-1.5.0/CMakeFiles/CMakeTmp

Run Build Command(s):/usr/bin/make cmTC_d158d/fast && /usr/bin/make -f CMakeFiles/cmTC_d158d.dir/build.make CMakeFiles/cmTC_d158d.dir/build
make[1]: Entering directory '/home/evgeny/git/USSB_PROJECT/libgit2-1.5.0/CMakeFiles/CMakeTmp'
Building C object CMakeFiles/cmTC_d158d.dir/src.c.o
/usr/bin/cc   -D_GNU_SOURCE  -Wall -Wextra -fvisibility=hidden -fPIC -Wno-documentation-deprecated-sync -Wno-missing-field-initializers -Wmissing-declarations -DIS_WSTRICT_ALIASING_SUPPORTED   -Wstrict-aliasing -o CMakeFiles/cmTC_d158d.dir/src.c.o   -c /home/evgeny/git/USSB_PROJECT/libgit2-1.5.0/CMakeFiles/CMakeTmp/src.c
Linking C executable cmTC_d158d
/usr/bin/cmake -E cmake_link_script CMakeFiles/cmTC_d158d.dir/link.txt --verbose=1
/usr/bin/cc -D_GNU_SOURCE  -Wall -Wextra -fvisibility=hidden -fPIC -Wno-documentation-deprecated-sync -Wno-missing-field-initializers -Wmissing-declarations -DIS_WSTRICT_ALIASING_SUPPORTED    CMakeFiles/cmTC_d158d.dir/src.c.o  -o cmTC_d158d 
make[1]: Leaving directory '/home/evgeny/git/USSB_PROJECT/libgit2-1.5.0/CMakeFiles/CMakeTmp'


Source file was:
int main(void) { return 0; }
Performing C SOURCE FILE Test IS_WSTRICT_PROTOTYPES_SUPPORTED succeeded with the following output:
Change Dir: /home/evgeny/git/USSB_PROJECT/libgit2-1.5.0/CMakeFiles/CMakeTmp

Run Build Command(s):/usr/bin/make cmTC_ba225/fast && /usr/bin/make -f CMakeFiles/cmTC_ba225.dir/build.make CMakeFiles/cmTC_ba225.dir/build
make[1]: Entering directory '/home/evgeny/git/USSB_PROJECT/libgit2-1.5.0/CMakeFiles/CMakeTmp'
Building C object CMakeFiles/cmTC_ba225.dir/src.c.o
/usr/bin/cc   -D_GNU_SOURCE  -Wall -Wextra -fvisibility=hidden -fPIC -Wno-documentation-deprecated-sync -Wno-missing-field-initializers -Wmissing-declarations -Wstrict-aliasing -DIS_WSTRICT_PROTOTYPES_SUPPORTED   -Wstrict-prototypes -o CMakeFiles/cmTC_ba225.dir/src.c.o   -c /home/evgeny/git/USSB_PROJECT/libgit2-1.5.0/CMakeFiles/CMakeTmp/src.c
Linking C executable cmTC_ba225
/usr/bin/cmake -E cmake_link_script CMakeFiles/cmTC_ba225.dir/link.txt --verbose=1
/usr/bin/cc -D_GNU_SOURCE  -Wall -Wextra -fvisibility=hidden -fPIC -Wno-documentation-deprecated-sync -Wno-missing-field-initializers -Wmissing-declarations -Wstrict-aliasing -DIS_WSTRICT_PROTOTYPES_SUPPORTED    CMakeFiles/cmTC_ba225.dir/src.c.o  -o cmTC_ba225 
make[1]: Leaving directory '/home/evgeny/git/USSB_PROJECT/libgit2-1.5.0/CMakeFiles/CMakeTmp'


Source file was:
int main(void) { return 0; }
Performing C SOURCE FILE Test IS_WDECLARATION_AFTER_STATEMENT_SUPPORTED succeeded with the following output:
Change Dir: /home/evgeny/git/USSB_PROJECT/libgit2-1.5.0/CMakeFiles/CMakeTmp

Run Build Command(s):/usr/bin/make cmTC_1ca54/fast && /usr/bin/make -f CMakeFiles/cmTC_1ca54.dir/build.make CMakeFiles/cmTC_1ca54.dir/build
make[1]: Entering directory '/home/evgeny/git/USSB_PROJECT/libgit2-1.5.0/CMakeFiles/CMakeTmp'
Building C object CMakeFiles/cmTC_1ca54.dir/src.c.o
/usr/bin/cc   -D_GNU_SOURCE  -Wall -Wextra -fvisibility=hidden -fPIC -Wno-documentation-deprecated-sync -Wno-missing-field-initializers -Wmissing-declarations -Wstrict-aliasing -Wstrict-prototypes -DIS_WDECLARATION_AFTER_STATEMENT_SUPPORTED   -Wdeclaration-after-statement -o CMakeFiles/cmTC_1ca54.dir/src.c.o   -c /home/evgeny/git/USSB_PROJECT/libgit2-1.5.0/CMakeFiles/CMakeTmp/src.c
Linking C executable cmTC_1ca54
/usr/bin/cmake -E cmake_link_script CMakeFiles/cmTC_1ca54.dir/link.txt --verbose=1
/usr/bin/cc -D_GNU_SOURCE  -Wall -Wextra -fvisibility=hidden -fPIC -Wno-documentation-deprecated-sync -Wno-missing-field-initializers -Wmissing-declarations -Wstrict-aliasing -Wstrict-prototypes -DIS_WDECLARATION_AFTER_STATEMENT_SUPPORTED    CMakeFiles/cmTC_1ca54.dir/src.c.o  -o cmTC_1ca54 
make[1]: Leaving directory '/home/evgeny/git/USSB_PROJECT/libgit2-1.5.0/CMakeFiles/CMakeTmp'


Source file was:
int main(void) { return 0; }
Performing C SOURCE FILE Test IS_WSHIFT_COUNT_OVERFLOW_SUPPORTED succeeded with the following output:
Change Dir: /home/evgeny/git/USSB_PROJECT/libgit2-1.5.0/CMakeFiles/CMakeTmp

Run Build Command(s):/usr/bin/make cmTC_5bb9b/fast && /usr/bin/make -f CMakeFiles/cmTC_5bb9b.dir/build.make CMakeFiles/cmTC_5bb9b.dir/build
make[1]: Entering directory '/home/evgeny/git/USSB_PROJECT/libgit2-1.5.0/CMakeFiles/CMakeTmp'
Building C object CMakeFiles/cmTC_5bb9b.dir/src.c.o
/usr/bin/cc   -D_GNU_SOURCE  -Wall -Wextra -fvisibility=hidden -fPIC -Wno-documentation-deprecated-sync -Wno-missing-field-initializers -Wmissing-declarations -Wstrict-aliasing -Wstrict-prototypes -Wdeclaration-after-statement -DIS_WSHIFT_COUNT_OVERFLOW_SUPPORTED   -Wshift-count-overflow -o CMakeFiles/cmTC_5bb9b.dir/src.c.o   -c /home/evgeny/git/USSB_PROJECT/libgit2-1.5.0/CMakeFiles/CMakeTmp/src.c
Linking C executable cmTC_5bb9b
/usr/bin/cmake -E cmake_link_script CMakeFiles/cmTC_5bb9b.dir/link.txt --verbose=1
/usr/bin/cc -D_GNU_SOURCE  -Wall -Wextra -fvisibility=hidden -fPIC -Wno-documentation-deprecated-sync -Wno-missing-field-initializers -Wmissing-declarations -Wstrict-aliasing -Wstrict-prototypes -Wdeclaration-after-statement -DIS_WSHIFT_COUNT_OVERFLOW_SUPPORTED    CMakeFiles/cmTC_5bb9b.dir/src.c.o  -o cmTC_5bb9b 
make[1]: Leaving directory '/home/evgeny/git/USSB_PROJECT/libgit2-1.5.0/CMakeFiles/CMakeTmp'


Source file was:
int main(void) { return 0; }
Performing C SOURCE FILE Test IS_WUNUSED_CONST_VARIABLE_SUPPORTED succeeded with the following output:
Change Dir: /home/evgeny/git/USSB_PROJECT/libgit2-1.5.0/CMakeFiles/CMakeTmp

Run Build Command(s):/usr/bin/make cmTC_c216f/fast && /usr/bin/make -f CMakeFiles/cmTC_c216f.dir/build.make CMakeFiles/cmTC_c216f.dir/build
make[1]: Entering directory '/home/evgeny/git/USSB_PROJECT/libgit2-1.5.0/CMakeFiles/CMakeTmp'
Building C object CMakeFiles/cmTC_c216f.dir/src.c.o
/usr/bin/cc   -D_GNU_SOURCE  -Wall -Wextra -fvisibility=hidden -fPIC -Wno-documentation-deprecated-sync -Wno-missing-field-initializers -Wmissing-declarations -Wstrict-aliasing -Wstrict-prototypes -Wdeclaration-after-statement -Wshift-count-overflow -DIS_WUNUSED_CONST_VARIABLE_SUPPORTED   -Wunused-const-variable -o CMakeFiles/cmTC_c216f.dir/src.c.o   -c /home/evgeny/git/USSB_PROJECT/libgit2-1.5.0/CMakeFiles/CMakeTmp/src.c
Linking C executable cmTC_c216f
/usr/bin/cmake -E cmake_link_script CMakeFiles/cmTC_c216f.dir/link.txt --verbose=1
/usr/bin/cc -D_GNU_SOURCE  -Wall -Wextra -fvisibility=hidden -fPIC -Wno-documentation-deprecated-sync -Wno-missing-field-initializers -Wmissing-declarations -Wstrict-aliasing -Wstrict-prototypes -Wdeclaration-after-statement -Wshift-count-overflow -DIS_WUNUSED_CONST_VARIABLE_SUPPORTED    CMakeFiles/cmTC_c216f.dir/src.c.o  -o cmTC_c216f 
make[1]: Leaving directory '/home/evgeny/git/USSB_PROJECT/libgit2-1.5.0/CMakeFiles/CMakeTmp'


Source file was:
int main(void) { return 0; }
Performing C SOURCE FILE Test IS_WUNUSED_FUNCTION_SUPPORTED succeeded with the following output:
Change Dir: /home/evgeny/git/USSB_PROJECT/libgit2-1.5.0/CMakeFiles/CMakeTmp

Run Build Command(s):/usr/bin/make cmTC_5759c/fast && /usr/bin/make -f CMakeFiles/cmTC_5759c.dir/build.make CMakeFiles/cmTC_5759c.dir/build
make[1]: Entering directory '/home/evgeny/git/USSB_PROJECT/libgit2-1.5.0/CMakeFiles/CMakeTmp'
Building C object CMakeFiles/cmTC_5759c.dir/src.c.o
/usr/bin/cc   -D_GNU_SOURCE  -Wall -Wextra -fvisibility=hidden -fPIC -Wno-documentation-deprecated-sync -Wno-missing-field-initializers -Wmissing-declarations -Wstrict-aliasing -Wstrict-prototypes -Wdeclaration-after-statement -Wshift-count-overflow -Wunused-const-variable -DIS_WUNUSED_FUNCTION_SUPPORTED   -Wunused-function -o CMakeFiles/cmTC_5759c.dir/src.c.o   -c /home/evgeny/git/USSB_PROJECT/libgit2-1.5.0/CMakeFiles/CMakeTmp/src.c
Linking C executable cmTC_5759c
/usr/bin/cmake -E cmake_link_script CMakeFiles/cmTC_5759c.dir/link.txt --verbose=1
/usr/bin/cc -D_GNU_SOURCE  -Wall -Wextra -fvisibility=hidden -fPIC -Wno-documentation-deprecated-sync -Wno-missing-field-initializers -Wmissing-declarations -Wstrict-aliasing -Wstrict-prototypes -Wdeclaration-after-statement -Wshift-count-overflow -Wunused-const-variable -DIS_WUNUSED_FUNCTION_SUPPORTED    CMakeFiles/cmTC_5759c.dir/src.c.o  -o cmTC_5759c 
make[1]: Leaving directory '/home/evgeny/git/USSB_PROJECT/libgit2-1.5.0/CMakeFiles/CMakeTmp'


Source file was:
int main(void) { return 0; }
Performing C SOURCE FILE Test IS_WINT_CONVERSION_SUPPORTED succeeded with the following output:
Change Dir: /home/evgeny/git/USSB_PROJECT/libgit2-1.5.0/CMakeFiles/CMakeTmp

Run Build Command(s):/usr/bin/make cmTC_adcde/fast && /usr/bin/make -f CMakeFiles/cmTC_adcde.dir/build.make CMakeFiles/cmTC_adcde.dir/build
make[1]: Entering directory '/home/evgeny/git/USSB_PROJECT/libgit2-1.5.0/CMakeFiles/CMakeTmp'
Building C object CMakeFiles/cmTC_adcde.dir/src.c.o
/usr/bin/cc   -D_GNU_SOURCE  -Wall -Wextra -fvisibility=hidden -fPIC -Wno-documentation-deprecated-sync -Wno-missing-field-initializers -Wmissing-declarations -Wstrict-aliasing -Wstrict-prototypes -Wdeclaration-after-statement -Wshift-count-overflow -Wunused-const-variable -Wunused-function -DIS_WINT_CONVERSION_SUPPORTED   -Wint-conversion -o CMakeFiles/cmTC_adcde.dir/src.c.o   -c /home/evgeny/git/USSB_PROJECT/libgit2-1.5.0/CMakeFiles/CMakeTmp/src.c
Linking C executable cmTC_adcde
/usr/bin/cmake -E cmake_link_script CMakeFiles/cmTC_adcde.dir/link.txt --verbose=1
/usr/bin/cc -D_GNU_SOURCE  -Wall -Wextra -fvisibility=hidden -fPIC -Wno-documentation-deprecated-sync -Wno-missing-field-initializers -Wmissing-declarations -Wstrict-aliasing -Wstrict-prototypes -Wdeclaration-after-statement -Wshift-count-overflow -Wunused-const-variable -Wunused-function -DIS_WINT_CONVERSION_SUPPORTED    CMakeFiles/cmTC_adcde.dir/src.c.o  -o cmTC_adcde 
make[1]: Leaving directory '/home/evgeny/git/USSB_PROJECT/libgit2-1.5.0/CMakeFiles/CMakeTmp'


Source file was:
int main(void) { return 0; }
Performing C SOURCE FILE Test IS_WC99_C11_COMPAT_SUPPORTED succeeded with the following output:
Change Dir: /home/evgeny/git/USSB_PROJECT/libgit2-1.5.0/CMakeFiles/CMakeTmp

Run Build Command(s):/usr/bin/make cmTC_1de66/fast && /usr/bin/make -f CMakeFiles/cmTC_1de66.dir/build.make CMakeFiles/cmTC_1de66.dir/build
make[1]: Entering directory '/home/evgeny/git/USSB_PROJECT/libgit2-1.5.0/CMakeFiles/CMakeTmp'
Building C object CMakeFiles/cmTC_1de66.dir/src.c.o
/usr/bin/cc   -D_GNU_SOURCE  -Wall -Wextra -fvisibility=hidden -fPIC -Wno-documentation-deprecated-sync -Wno-missing-field-initializers -Wmissing-declarations -Wstrict-aliasing -Wstrict-prototypes -Wdeclaration-after-statement -Wshift-count-overflow -Wunused-const-variable -Wunused-function -Wint-conversion -DIS_WC99_C11_COMPAT_SUPPORTED   -Wc99-c11-compat -o CMakeFiles/cmTC_1de66.dir/src.c.o   -c /home/evgeny/git/USSB_PROJECT/libgit2-1.5.0/CMakeFiles/CMakeTmp/src.c
Linking C executable cmTC_1de66
/usr/bin/cmake -E cmake_link_script CMakeFiles/cmTC_1de66.dir/link.txt --verbose=1
/usr/bin/cc -D_GNU_SOURCE  -Wall -Wextra -fvisibility=hidden -fPIC -Wno-documentation-deprecated-sync -Wno-missing-field-initializers -Wmissing-declarations -Wstrict-aliasing -Wstrict-prototypes -Wdeclaration-after-statement -Wshift-count-overflow -Wunused-const-variable -Wunused-function -Wint-conversion -DIS_WC99_C11_COMPAT_SUPPORTED    CMakeFiles/cmTC_1de66.dir/src.c.o  -o cmTC_1de66 
make[1]: Leaving directory '/home/evgeny/git/USSB_PROJECT/libgit2-1.5.0/CMakeFiles/CMakeTmp'


Source file was:
int main(void) { return 0; }
Performing C SOURCE FILE Test IS_WFORMAT_SUPPORTED succeeded with the following output:
Change Dir: /home/evgeny/git/USSB_PROJECT/libgit2-1.5.0/CMakeFiles/CMakeTmp

Run Build Command(s):/usr/bin/make cmTC_a3cc5/fast && /usr/bin/make -f CMakeFiles/cmTC_a3cc5.dir/build.make CMakeFiles/cmTC_a3cc5.dir/build
make[1]: Entering directory '/home/evgeny/git/USSB_PROJECT/libgit2-1.5.0/CMakeFiles/CMakeTmp'
Building C object CMakeFiles/cmTC_a3cc5.dir/src.c.o
/usr/bin/cc   -D_GNU_SOURCE  -Wall -Wextra -fvisibility=hidden -fPIC -Wno-documentation-deprecated-sync -Wno-missing-field-initializers -Wmissing-declarations -Wstrict-aliasing -Wstrict-prototypes -Wdeclaration-after-statement -Wshift-count-overflow -Wunused-const-variable -Wunused-function -Wint-conversion -Wc99-c11-compat -DIS_WFORMAT_SUPPORTED   -Wformat -o CMakeFiles/cmTC_a3cc5.dir/src.c.o   -c /home/evgeny/git/USSB_PROJECT/libgit2-1.5.0/CMakeFiles/CMakeTmp/src.c
Linking C executable cmTC_a3cc5
/usr/bin/cmake -E cmake_link_script CMakeFiles/cmTC_a3cc5.dir/link.txt --verbose=1
/usr/bin/cc -D_GNU_SOURCE  -Wall -Wextra -fvisibility=hidden -fPIC -Wno-documentation-deprecated-sync -Wno-missing-field-initializers -Wmissing-declarations -Wstrict-aliasing -Wstrict-prototypes -Wdeclaration-after-statement -Wshift-count-overflow -Wunused-const-variable -Wunused-function -Wint-conversion -Wc99-c11-compat -DIS_WFORMAT_SUPPORTED    CMakeFiles/cmTC_a3cc5.dir/src.c.o  -o cmTC_a3cc5 
make[1]: Leaving directory '/home/evgeny/git/USSB_PROJECT/libgit2-1.5.0/CMakeFiles/CMakeTmp'


Source file was:
int main(void) { return 0; }
Performing C SOURCE FILE Test IS_WFORMAT_SECURITY_SUPPORTED succeeded with the following output:
Change Dir: /home/evgeny/git/USSB_PROJECT/libgit2-1.5.0/CMakeFiles/CMakeTmp

Run Build Command(s):/usr/bin/make cmTC_4327d/fast && /usr/bin/make -f CMakeFiles/cmTC_4327d.dir/build.make CMakeFiles/cmTC_4327d.dir/build
make[1]: Entering directory '/home/evgeny/git/USSB_PROJECT/libgit2-1.5.0/CMakeFiles/CMakeTmp'
Building C object CMakeFiles/cmTC_4327d.dir/src.c.o
/usr/bin/cc   -D_GNU_SOURCE  -Wall -Wextra -fvisibility=hidden -fPIC -Wno-documentation-deprecated-sync -Wno-missing-field-initializers -Wmissing-declarations -Wstrict-aliasing -Wstrict-prototypes -Wdeclaration-after-statement -Wshift-count-overflow -Wunused-const-variable -Wunused-function -Wint-conversion -Wc99-c11-compat -Wformat -DIS_WFORMAT_SECURITY_SUPPORTED   -Wformat-security -o CMakeFiles/cmTC_4327d.dir/src.c.o   -c /home/evgeny/git/USSB_PROJECT/libgit2-1.5.0/CMakeFiles/CMakeTmp/src.c
Linking C executable cmTC_4327d
/usr/bin/cmake -E cmake_link_script CMakeFiles/cmTC_4327d.dir/link.txt --verbose=1
/usr/bin/cc -D_GNU_SOURCE  -Wall -Wextra -fvisibility=hidden -fPIC -Wno-documentation-deprecated-sync -Wno-missing-field-initializers -Wmissing-declarations -Wstrict-aliasing -Wstrict-prototypes -Wdeclaration-after-statement -Wshift-count-overflow -Wunused-const-variable -Wunused-function -Wint-conversion -Wc99-c11-compat -Wformat -DIS_WFORMAT_SECURITY_SUPPORTED    CMakeFiles/cmTC_4327d.dir/src.c.o  -o cmTC_4327d 
make[1]: Leaving directory '/home/evgeny/git/USSB_PROJECT/libgit2-1.5.0/CMakeFiles/CMakeTmp'


Source file was:
int main(void) { return 0; }
